<?xml version="1.0" encoding="UTF-8"?>
<testng-results ignored="0" total="15" passed="15" failed="0" skipped="0">
  <reporter-output>
  </reporter-output>
  <suite started-at="2026-06-10T15:09:34 IST" name="GUI Automation Suite" finished-at="2026-06-10T15:13:13 IST" duration-ms="219535">
    <groups>
    </groups>
    <test started-at="2026-06-10T15:09:34 IST" name="GUI Tests" finished-at="2026-06-10T15:13:13 IST" duration-ms="219535">
      <class name="tests.ShadowDOMTest">
        <test-method is-config="true" signature="setup()[pri:0, instance:tests.ShadowDOMTest@53f3bdbd]" started-at="2026-06-10T15:12:39 IST" name="setup" finished-at="2026-06-10T15:12:45 IST" duration-ms="5899" status="PASS">
          <reporter-output>
          </reporter-output>
        </test-method> <!-- setup -->
        <test-method signature="verifyShadowDOM()[pri:0, instance:tests.ShadowDOMTest@53f3bdbd]" started-at="2026-06-10T15:12:45 IST" name="verifyShadowDOM" finished-at="2026-06-10T15:13:13 IST" duration-ms="28191" status="PASS">
          <reporter-output>
          </reporter-output>
        </test-method> <!-- verifyShadowDOM -->
        <test-method is-config="true" signature="tearDown()[pri:0, instance:tests.ShadowDOMTest@53f3bdbd]" started-at="2026-06-10T15:13:13 IST" name="tearDown" finished-at="2026-06-10T15:13:13 IST" duration-ms="372" status="PASS">
          <reporter-output>
          </reporter-output>
        </test-method> <!-- tearDown -->
      </class> <!-- tests.ShadowDOMTest -->
      <class name="tests.ErrorPageTest">
        <test-method is-config="true" signature="setup()[pri:0, instance:tests.ErrorPageTest@62656be4]" started-at="2026-06-10T15:12:16 IST" name="setup" finished-at="2026-06-10T15:12:21 IST" duration-ms="4447" status="PASS">
          <reporter-output>
          </reporter-output>
        </test-method> <!-- setup -->
        <test-method signature="verifyErrorPage()[pri:0, instance:tests.ErrorPageTest@62656be4]" started-at="2026-06-10T15:12:21 IST" name="verifyErrorPage" finished-at="2026-06-10T15:12:25 IST" duration-ms="4628" status="PASS">
          <reporter-output>
          </reporter-output>
        </test-method> <!-- verifyErrorPage -->
        <test-method is-config="true" signature="tearDown()[pri:0, instance:tests.ErrorPageTest@62656be4]" started-at="2026-06-10T15:12:25 IST" name="tearDown" finished-at="2026-06-10T15:12:25 IST" duration-ms="249" status="PASS">
          <reporter-output>
          </reporter-output>
        </test-method> <!-- tearDown -->
      </class> <!-- tests.ErrorPageTest -->
      <class name="tests.MouseActionsTest">
        <test-method is-config="true" signature="setup()[pri:0, instance:tests.MouseActionsTest@9cb8225]" started-at="2026-06-10T15:11:31 IST" name="setup" finished-at="2026-06-10T15:11:37 IST" duration-ms="6272" status="PASS">
          <reporter-output>
          </reporter-output>
        </test-method> <!-- setup -->
        <test-method signature="verifyMouseActions()[pri:0, instance:tests.MouseActionsTest@9cb8225]" started-at="2026-06-10T15:11:37 IST" name="verifyMouseActions" finished-at="2026-06-10T15:11:42 IST" duration-ms="4758" status="PASS">
          <reporter-output>
          </reporter-output>
        </test-method> <!-- verifyMouseActions -->
        <test-method is-config="true" signature="tearDown()[pri:0, instance:tests.MouseActionsTest@9cb8225]" started-at="2026-06-10T15:11:42 IST" name="tearDown" finished-at="2026-06-10T15:11:42 IST" duration-ms="266" status="PASS">
          <reporter-output>
          </reporter-output>
        </test-method> <!-- tearDown -->
      </class> <!-- tests.MouseActionsTest -->
      <class name="tests.DynamicButtonTest">
        <test-method is-config="true" signature="setup()[pri:0, instance:tests.DynamicButtonTest@5852c06f]" started-at="2026-06-10T15:10:59 IST" name="setup" finished-at="2026-06-10T15:11:05 IST" duration-ms="6114" status="PASS">
          <reporter-output>
          </reporter-output>
        </test-method> <!-- setup -->
        <test-method signature="verifyDynamicButton()[pri:0, instance:tests.DynamicButtonTest@5852c06f]" started-at="2026-06-10T15:11:05 IST" name="verifyDynamicButton" finished-at="2026-06-10T15:11:09 IST" duration-ms="4265" status="PASS">
          <reporter-output>
          </reporter-output>
        </test-method> <!-- verifyDynamicButton -->
        <test-method is-config="true" signature="tearDown()[pri:0, instance:tests.DynamicButtonTest@5852c06f]" started-at="2026-06-10T15:11:09 IST" name="tearDown" finished-at="2026-06-10T15:11:09 IST" duration-ms="203" status="PASS">
          <reporter-output>
          </reporter-output>
        </test-method> <!-- tearDown -->
      </class> <!-- tests.DynamicButtonTest -->
      <class name="tests.UploadTest">
        <test-method is-config="true" signature="setup()[pri:0, instance:tests.UploadTest@4e0ae11f]" started-at="2026-06-10T15:10:18 IST" name="setup" finished-at="2026-06-10T15:10:23 IST" duration-ms="5041" status="PASS">
          <reporter-output>
          </reporter-output>
        </test-method> <!-- setup -->
        <test-method signature="verifyUpload()[pri:0, instance:tests.UploadTest@4e0ae11f]" started-at="2026-06-10T15:10:23 IST" name="verifyUpload" finished-at="2026-06-10T15:10:27 IST" duration-ms="4518" status="PASS">
          <reporter-output>
          </reporter-output>
        </test-method> <!-- verifyUpload -->
        <test-method is-config="true" signature="tearDown()[pri:0, instance:tests.UploadTest@4e0ae11f]" started-at="2026-06-10T15:10:27 IST" name="tearDown" finished-at="2026-06-10T15:10:27 IST" duration-ms="169" status="PASS">
          <reporter-output>
          </reporter-output>
        </test-method> <!-- tearDown -->
      </class> <!-- tests.UploadTest -->
      <class name="tests.LinkTest">
        <test-method is-config="true" signature="setup()[pri:0, instance:tests.LinkTest@376a0d86]" started-at="2026-06-10T15:11:57 IST" name="setup" finished-at="2026-06-10T15:12:02 IST" duration-ms="5322" status="PASS">
          <reporter-output>
          </reporter-output>
        </test-method> <!-- setup -->
        <test-method signature="verifyAppleLink()[pri:0, instance:tests.LinkTest@376a0d86]" started-at="2026-06-10T15:12:02 IST" name="verifyAppleLink" finished-at="2026-06-10T15:12:16 IST" duration-ms="13572" status="PASS">
          <reporter-output>
          </reporter-output>
        </test-method> <!-- verifyAppleLink -->
        <test-method is-config="true" signature="tearDown()[pri:0, instance:tests.LinkTest@376a0d86]" started-at="2026-06-10T15:12:16 IST" name="tearDown" finished-at="2026-06-10T15:12:16 IST" duration-ms="432" status="PASS">
          <reporter-output>
          </reporter-output>
        </test-method> <!-- tearDown -->
      </class> <!-- tests.LinkTest -->
      <class name="tests.WikipediaTest">
        <test-method is-config="true" signature="setup()[pri:0, instance:tests.WikipediaTest@4b86805d]" started-at="2026-06-10T15:10:42 IST" name="setup" finished-at="2026-06-10T15:10:47 IST" duration-ms="4443" status="PASS">
          <reporter-output>
          </reporter-output>
        </test-method> <!-- setup -->
        <test-method signature="verifyWikipediaSearch()[pri:0, instance:tests.WikipediaTest@4b86805d]" started-at="2026-06-10T15:10:47 IST" name="verifyWikipediaSearch" finished-at="2026-06-10T15:10:58 IST" duration-ms="11708" status="PASS">
          <reporter-output>
          </reporter-output>
        </test-method> <!-- verifyWikipediaSearch -->
        <test-method is-config="true" signature="tearDown()[pri:0, instance:tests.WikipediaTest@4b86805d]" started-at="2026-06-10T15:10:58 IST" name="tearDown" finished-at="2026-06-10T15:10:59 IST" duration-ms="251" status="PASS">
          <reporter-output>
          </reporter-output>
        </test-method> <!-- tearDown -->
      </class> <!-- tests.WikipediaTest -->
      <class name="tests.SectionFormTest">
        <test-method is-config="true" signature="setup()[pri:0, instance:tests.SectionFormTest@17d919b6]" started-at="2026-06-10T15:12:25 IST" name="setup" finished-at="2026-06-10T15:12:32 IST" duration-ms="6389" status="PASS">
          <reporter-output>
          </reporter-output>
        </test-method> <!-- setup -->
        <test-method signature="verifySections()[pri:0, instance:tests.SectionFormTest@17d919b6]" started-at="2026-06-10T15:12:32 IST" name="verifySections" finished-at="2026-06-10T15:12:38 IST" duration-ms="6615" status="PASS">
          <reporter-output>
          </reporter-output>
        </test-method> <!-- verifySections -->
        <test-method is-config="true" signature="tearDown()[pri:0, instance:tests.SectionFormTest@17d919b6]" started-at="2026-06-10T15:12:38 IST" name="tearDown" finished-at="2026-06-10T15:12:39 IST" duration-ms="251" status="PASS">
          <reporter-output>
          </reporter-output>
        </test-method> <!-- tearDown -->
      </class> <!-- tests.SectionFormTest -->
      <class name="tests.DropdownTest">
        <test-method is-config="true" signature="setup()[pri:0, instance:tests.DropdownTest@79defdc]" started-at="2026-06-10T15:09:58 IST" name="setup" finished-at="2026-06-10T15:10:03 IST" duration-ms="4697" status="PASS">
          <reporter-output>
          </reporter-output>
        </test-method> <!-- setup -->
        <test-method signature="verifyDropdowns()[pri:0, instance:tests.DropdownTest@79defdc]" started-at="2026-06-10T15:10:03 IST" name="verifyDropdowns" finished-at="2026-06-10T15:10:06 IST" duration-ms="3671" status="PASS">
          <reporter-output>
          </reporter-output>
        </test-method> <!-- verifyDropdowns -->
        <test-method is-config="true" signature="tearDown()[pri:0, instance:tests.DropdownTest@79defdc]" started-at="2026-06-10T15:10:06 IST" name="tearDown" finished-at="2026-06-10T15:10:07 IST" duration-ms="217" status="PASS">
          <reporter-output>
          </reporter-output>
        </test-method> <!-- tearDown -->
      </class> <!-- tests.DropdownTest -->
      <class name="tests.SliderTest">
        <test-method is-config="true" signature="setup()[pri:0, instance:tests.SliderTest@76b07f29]" started-at="2026-06-10T15:11:42 IST" name="setup" finished-at="2026-06-10T15:11:46 IST" duration-ms="4527" status="PASS">
          <reporter-output>
          </reporter-output>
        </test-method> <!-- setup -->
        <test-method signature="verifySlider()[pri:0, instance:tests.SliderTest@76b07f29]" started-at="2026-06-10T15:11:46 IST" name="verifySlider" finished-at="2026-06-10T15:11:49 IST" duration-ms="2749" status="PASS">
          <reporter-output>
          </reporter-output>
        </test-method> <!-- verifySlider -->
        <test-method is-config="true" signature="tearDown()[pri:0, instance:tests.SliderTest@76b07f29]" started-at="2026-06-10T15:11:49 IST" name="tearDown" finished-at="2026-06-10T15:11:49 IST" duration-ms="248" status="PASS">
          <reporter-output>
          </reporter-output>
        </test-method> <!-- tearDown -->
      </class> <!-- tests.SliderTest -->
      <class name="tests.PaginationTableTest">
        <test-method is-config="true" signature="setup()[pri:0, instance:tests.PaginationTableTest@238d68ff]" started-at="2026-06-10T15:10:27 IST" name="setup" finished-at="2026-06-10T15:10:32 IST" duration-ms="4886" status="PASS">
          <reporter-output>
          </reporter-output>
        </test-method> <!-- setup -->
        <test-method signature="verifyPaginationTable()[pri:0, instance:tests.PaginationTableTest@238d68ff]" started-at="2026-06-10T15:10:32 IST" name="verifyPaginationTable" finished-at="2026-06-10T15:10:42 IST" duration-ms="9639" status="PASS">
          <reporter-output>
          </reporter-output>
        </test-method> <!-- verifyPaginationTable -->
        <test-method is-config="true" signature="tearDown()[pri:0, instance:tests.PaginationTableTest@238d68ff]" started-at="2026-06-10T15:10:42 IST" name="tearDown" finished-at="2026-06-10T15:10:42 IST" duration-ms="282" status="PASS">
          <reporter-output>
          </reporter-output>
        </test-method> <!-- tearDown -->
      </class> <!-- tests.PaginationTableTest -->
      <class name="tests.AlertTest">
        <test-method is-config="true" signature="setup()[pri:0, instance:tests.AlertTest@4149c063]" started-at="2026-06-10T15:11:09 IST" name="setup" finished-at="2026-06-10T15:11:14 IST" duration-ms="4718" status="PASS">
          <reporter-output>
          </reporter-output>
        </test-method> <!-- setup -->
        <test-method signature="verifyAlerts()[pri:0, instance:tests.AlertTest@4149c063]" started-at="2026-06-10T15:11:14 IST" name="verifyAlerts" finished-at="2026-06-10T15:11:30 IST" duration-ms="16509" status="PASS">
          <reporter-output>
          </reporter-output>
        </test-method> <!-- verifyAlerts -->
        <test-method is-config="true" signature="tearDown()[pri:0, instance:tests.AlertTest@4149c063]" started-at="2026-06-10T15:11:30 IST" name="tearDown" finished-at="2026-06-10T15:11:31 IST" duration-ms="325" status="PASS">
          <reporter-output>
          </reporter-output>
        </test-method> <!-- tearDown -->
      </class> <!-- tests.AlertTest -->
      <class name="tests.FormTest">
        <test-method is-config="true" signature="setup()[pri:0, instance:tests.FormTest@6d5620ce]" started-at="2026-06-10T15:09:34 IST" name="setup" finished-at="2026-06-10T15:09:50 IST" duration-ms="16208" status="PASS">
          <reporter-output>
          </reporter-output>
        </test-method> <!-- setup -->
        <test-method signature="verifyForm()[pri:0, instance:tests.FormTest@6d5620ce]" started-at="2026-06-10T15:09:50 IST" name="verifyForm" finished-at="2026-06-10T15:09:58 IST" duration-ms="7833" status="PASS">
          <reporter-output>
          </reporter-output>
        </test-method> <!-- verifyForm -->
        <test-method is-config="true" signature="tearDown()[pri:0, instance:tests.FormTest@6d5620ce]" started-at="2026-06-10T15:09:58 IST" name="tearDown" finished-at="2026-06-10T15:09:58 IST" duration-ms="181" status="PASS">
          <reporter-output>
          </reporter-output>
        </test-method> <!-- tearDown -->
      </class> <!-- tests.FormTest -->
      <class name="tests.DatePickerTest">
        <test-method is-config="true" signature="setup()[pri:0, instance:tests.DatePickerTest@18317edc]" started-at="2026-06-10T15:10:07 IST" name="setup" finished-at="2026-06-10T15:10:13 IST" duration-ms="6545" status="PASS">
          <reporter-output>
          </reporter-output>
        </test-method> <!-- setup -->
        <test-method signature="verifyDatePicker()[pri:0, instance:tests.DatePickerTest@18317edc]" started-at="2026-06-10T15:10:13 IST" name="verifyDatePicker" finished-at="2026-06-10T15:10:17 IST" duration-ms="4354" status="PASS">
          <reporter-output>
          </reporter-output>
        </test-method> <!-- verifyDatePicker -->
        <test-method is-config="true" signature="tearDown()[pri:0, instance:tests.DatePickerTest@18317edc]" started-at="2026-06-10T15:10:17 IST" name="tearDown" finished-at="2026-06-10T15:10:18 IST" duration-ms="170" status="PASS">
          <reporter-output>
          </reporter-output>
        </test-method> <!-- tearDown -->
      </class> <!-- tests.DatePickerTest -->
      <class name="tests.ScrollingDropdownTest">
        <test-method is-config="true" signature="setup()[pri:0, instance:tests.ScrollingDropdownTest@38af9828]" started-at="2026-06-10T15:11:49 IST" name="setup" finished-at="2026-06-10T15:11:54 IST" duration-ms="4767" status="PASS">
          <reporter-output>
          </reporter-output>
        </test-method> <!-- setup -->
        <test-method signature="verifyScrollingDropdown()[pri:0, instance:tests.ScrollingDropdownTest@38af9828]" started-at="2026-06-10T15:11:54 IST" name="verifyScrollingDropdown" finished-at="2026-06-10T15:11:57 IST" duration-ms="2275" status="PASS">
          <reporter-output>
          </reporter-output>
        </test-method> <!-- verifyScrollingDropdown -->
        <test-method is-config="true" signature="tearDown()[pri:0, instance:tests.ScrollingDropdownTest@38af9828]" started-at="2026-06-10T15:11:57 IST" name="tearDown" finished-at="2026-06-10T15:11:57 IST" duration-ms="247" status="PASS">
          <reporter-output>
          </reporter-output>
        </test-method> <!-- tearDown -->
      </class> <!-- tests.ScrollingDropdownTest -->
    </test> <!-- GUI Tests -->
  </suite> <!-- GUI Automation Suite -->
</testng-results>
