<?xml version="1.0" encoding="UTF-8"?>
<!-- Generated by org.testng.reporters.JUnitXMLReporter -->
<testsuite ignored="0" hostname="BT-2105906" failures="0" tests="15" name="GUI Tests" time="219.535" errors="0" timestamp="2026-06-10T15:13:14 IST">
  <testcase classname="tests.FormTest" name="verifyForm" time="7.833"/>
  <testcase classname="tests.DropdownTest" name="verifyDropdowns" time="3.671"/>
  <testcase classname="tests.DatePickerTest" name="verifyDatePicker" time="4.354"/>
  <testcase classname="tests.UploadTest" name="verifyUpload" time="4.518"/>
  <testcase classname="tests.PaginationTableTest" name="verifyPaginationTable" time="9.639"/>
  <testcase classname="tests.WikipediaTest" name="verifyWikipediaSearch" time="11.708"/>
  <testcase classname="tests.DynamicButtonTest" name="verifyDynamicButton" time="4.265"/>
  <testcase classname="tests.AlertTest" name="verifyAlerts" time="16.509"/>
  <testcase classname="tests.MouseActionsTest" name="verifyMouseActions" time="4.758"/>
  <testcase classname="tests.SliderTest" name="verifySlider" time="2.749"/>
  <testcase classname="tests.ScrollingDropdownTest" name="verifyScrollingDropdown" time="2.275"/>
  <testcase classname="tests.LinkTest" name="verifyAppleLink" time="13.572"/>
  <testcase classname="tests.ErrorPageTest" name="verifyErrorPage" time="4.628"/>
  <testcase classname="tests.SectionFormTest" name="verifySections" time="6.615"/>
  <testcase classname="tests.ShadowDOMTest" name="verifyShadowDOM" time="28.191"/>
</testsuite> <!-- GUI Tests -->
